\BOOKMARK [1][-]{section.1}{Introduction}{}% 1
\BOOKMARK [2][-]{subsection.1.1}{Motivation}{section.1}% 2
\BOOKMARK [2][-]{subsection.1.2}{Requirements}{section.1}% 3
\BOOKMARK [2][-]{subsection.1.3}{Structure of the report}{section.1}% 4
\BOOKMARK [1][-]{section.2}{System architecture and communication}{}% 5
\BOOKMARK [2][-]{subsection.2.1}{System architecture}{section.2}% 6
\BOOKMARK [1][-]{section.3}{Design choices}{}% 7
\BOOKMARK [2][-]{subsection.3.1}{Board}{section.3}% 8
\BOOKMARK [2][-]{subsection.3.2}{Communication}{section.3}% 9
\BOOKMARK [2][-]{subsection.3.3}{Sensor}{section.3}% 10
\BOOKMARK [2][-]{subsection.3.4}{Motor}{section.3}% 11
\BOOKMARK [1][-]{section.4}{Control}{}% 12
\BOOKMARK [1][-]{section.5}{Conclusion}{}% 13
\BOOKMARK [1][-]{appendix.A}{MAVLink dialect description file}{}% 14
\BOOKMARK [1][-]{appendix.B}{Code for STM32 NUCLEO 64 board}{}% 15
\BOOKMARK [2][-]{subsection.B.1}{Main}{appendix.B}% 16
\BOOKMARK [2][-]{subsection.B.2}{Treadmill driver}{appendix.B}% 17
\BOOKMARK [2][-]{subsection.B.3}{Sensor driver}{appendix.B}% 18
\BOOKMARK [2][-]{subsection.B.4}{Code for unit tests}{appendix.B}% 19
\BOOKMARK [2][-]{subsection.B.5}{Build script}{appendix.B}% 20
\BOOKMARK [1][-]{appendix.C}{Code for PC}{}% 21
\BOOKMARK [2][-]{subsection.C.1}{GUI}{appendix.C}% 22
\BOOKMARK [2][-]{subsection.C.2}{Routine example}{appendix.C}% 23
\BOOKMARK [2][-]{subsection.C.3}{Sensor data-sheet}{appendix.C}% 24
