Added Component: Designator=J1(7-215079-8)
Add component (AddParameter): Name = "Allied Price/Stock"; Value = "http://www.alliedelec.com/te-connectivity-7-215079-8/70346681/"; VariantName = "[No Variations]"
Add component (AddParameter): Name = "Allied_Number"; Value = "70346681"; VariantName = "[No Variations]"
Add component (AddParameter): Name = "Datasheet Link"; Value = "http://www.farnell.com/datasheets/1699417.pdf"; VariantName = "[No Variations]"
Add component (AddParameter): Name = "Manufacturer_Name"; Value = "TE Connectivity"; VariantName = "[No Variations]"
Add component (AddParameter): Name = "Manufacturer_Part_Number"; Value = "7-215079-8"; VariantName = "[No Variations]"
Add component (AddParameter): Name = "Mouser Part Number"; Value = "571-7-215079-8"; VariantName = "[No Variations]"
Add component (AddParameter): Name = "Mouser Price/Stock"; Value = "https://www.mouser.com/Search/Refine.aspx?Keyword=571-7-215079-8"; VariantName = "[No Variations]"
Add component (AddParameter): Name = "RS Part Number"; Value = "3018032P"; VariantName = "[No Variations]"
Add component (AddParameter): Name = "RS Price/Stock"; Value = "http://uk.rs-online.com/web/p/products/3018032P"; VariantName = "[No Variations]"
Added Component: Designator=J2(7-215079-8)
Add component (AddParameter): Name = "Allied Price/Stock"; Value = "http://www.alliedelec.com/te-connectivity-7-215079-8/70346681/"; VariantName = "[No Variations]"
Add component (AddParameter): Name = "Allied_Number"; Value = "70346681"; VariantName = "[No Variations]"
Add component (AddParameter): Name = "Datasheet Link"; Value = "http://www.farnell.com/datasheets/1699417.pdf"; VariantName = "[No Variations]"
Add component (AddParameter): Name = "Manufacturer_Name"; Value = "TE Connectivity"; VariantName = "[No Variations]"
Add component (AddParameter): Name = "Manufacturer_Part_Number"; Value = "7-215079-8"; VariantName = "[No Variations]"
Add component (AddParameter): Name = "Mouser Part Number"; Value = "571-7-215079-8"; VariantName = "[No Variations]"
Add component (AddParameter): Name = "Mouser Price/Stock"; Value = "https://www.mouser.com/Search/Refine.aspx?Keyword=571-7-215079-8"; VariantName = "[No Variations]"
Add component (AddParameter): Name = "RS Part Number"; Value = "3018032P"; VariantName = "[No Variations]"
Add component (AddParameter): Name = "RS Price/Stock"; Value = "http://uk.rs-online.com/web/p/products/3018032P"; VariantName = "[No Variations]"
Added Pin To Net: NetName=NetJ1_1 Pin=J1-1
Added Pin To Net: NetName=NetJ1_2 Pin=J1-2
Added Pin To Net: NetName=NetJ2_2 Pin=J2-2
Added Pin To Net: NetName=NetJ2_8 Pin=J2-8
Added Member To Class: ClassName=Connect_Board_Sch Member=Component J1 7-215079-8
Added Member To Class: ClassName=Connect_Board_Sch Member=Component J2 7-215079-8
