Added Component: Designator=TEST_X(HDR1X8)
Add component (AddParameter): Name = "LatestRevisionDate"; Value = "17-Jul-2002"; VariantName = "[No Variations]"
Add component (AddParameter): Name = "LatestRevisionNote"; Value = "Re-released for DXP Platform."; VariantName = "[No Variations]"
Add component (AddParameter): Name = "Publisher"; Value = "Altium Limited"; VariantName = "[No Variations]"
Added Component: Designator=TEST_Y(HDR1X8)
Add component (AddParameter): Name = "LatestRevisionDate"; Value = "17-Jul-2002"; VariantName = "[No Variations]"
Add component (AddParameter): Name = "LatestRevisionNote"; Value = "Re-released for DXP Platform."; VariantName = "[No Variations]"
Add component (AddParameter): Name = "Publisher"; Value = "Altium Limited"; VariantName = "[No Variations]"
Added Pin To Net: NetName=MO Pin=P2-23
Added Pin To Net: NetName=MO Pin=SENSOR_X-5
Added Pin To Net: NetName=MO Pin=SENSOR_Y-5
Added Pin To Net: NetName=5V Pin=TEST_X-1
Added Pin To Net: NetName=GD Pin=TEST_X-2
Added Pin To Net: NetName=CS_X Pin=TEST_X-4
Added Pin To Net: NetName=MO Pin=TEST_X-5
Added Pin To Net: NetName=MO Pin=TEST_X-6
Added Pin To Net: NetName=MI Pin=TEST_X-7
Added Pin To Net: NetName=PW_X Pin=TEST_X-8
Added Pin To Net: NetName=5V Pin=TEST_Y-1
Added Pin To Net: NetName=GD Pin=TEST_Y-2
Added Pin To Net: NetName=CS_Y Pin=TEST_Y-4
Added Pin To Net: NetName=MO Pin=TEST_Y-5
Added Pin To Net: NetName=MO Pin=TEST_Y-6
Added Pin To Net: NetName=MI Pin=TEST_Y-7
Added Pin To Net: NetName=PW_Y Pin=TEST_Y-8
Added Pin To Net: NetName=MT_X Pin=SENSOR_X-3
Added Pin To Net: NetName=MT_X Pin=TEST_X-3
Added Net: Name=MT_X
Added Pin To Net: NetName=MT_Y Pin=SENSOR_Y-3
Added Pin To Net: NetName=MT_Y Pin=TEST_Y-3
Added Net: Name=MT_Y
Added Member To Class: ClassName=Connect_Board_Sch Member=Component SENSOR_X 7-215079-8
Added Member To Class: ClassName=Connect_Board_Sch Member=Component TEST_X Header 8
Added Member To Class: ClassName=Connect_Board_Sch Member=Component TEST_Y Header 8
